<?xml version='1.0'?>
<ns2:test-suite xmlns:ns2='urn:model.allure.qatools.yandex.ru' start='1658329947676' stop='1658330634228'>
    <name>Temp Accommodation(Origin) Service, test</name>
    <title>Temp Accommodation(Origin) Service, test</title>
    <test-cases>
        <test-case start='1658329947676' status='passed' stop='1658329958848'>
            <name>Go to Services / Temp accommodation (Origin) page and check label</name>
            <title>Go to Services / Temp accommodation (Origin) page and check label</title>
            <labels>
                <label name='language' value='javascript'/>
                <label name='framework' value='wdio'/>
                <label name='thread' value='0-9'/>
                <label name='language' value='javascript'/>
                <label name='framework' value='wdio'/>
                <label name='thread' value='0-9'/>
            </labels>
            <parameters>
                <parameter kind='argument' name='browser' value='chrome-103.0.5060.114'/>
                <parameter kind='argument' name='browser' value='chrome-103.0.5060.114'/>
            </parameters>
            <steps/>
            <attachments/>
        </test-case>
        <test-case start='1658329958848' status='passed' stop='1658329999446'>
            <name>Verify Temp accommodation (Origin) Initiation details form</name>
            <title>Verify Temp accommodation (Origin) Initiation details form</title>
            <labels>
                <label name='language' value='javascript'/>
                <label name='framework' value='wdio'/>
                <label name='thread' value='0-9'/>
            </labels>
            <parameters>
                <parameter kind='argument' name='browser' value='chrome-103.0.5060.114'/>
            </parameters>
            <steps/>
            <attachments/>
        </test-case>
        <test-case start='1658329999449' status='passed' stop='1658330006014'>
            <name>Verify Initiate service partner</name>
            <title>Verify Initiate service partner</title>
            <labels>
                <label name='language' value='javascript'/>
                <label name='framework' value='wdio'/>
                <label name='thread' value='0-9'/>
            </labels>
            <parameters>
                <parameter kind='argument' name='browser' value='chrome-103.0.5060.114'/>
            </parameters>
            <steps/>
            <attachments/>
        </test-case>
        <test-case start='1658330006014' status='passed' stop='1658330020304'>
            <name>Verify remove service partner</name>
            <title>Verify remove service partner</title>
            <labels>
                <label name='language' value='javascript'/>
                <label name='framework' value='wdio'/>
                <label name='thread' value='0-9'/>
            </labels>
            <parameters>
                <parameter kind='argument' name='browser' value='chrome-103.0.5060.114'/>
            </parameters>
            <steps/>
            <attachments/>
        </test-case>
        <test-case start='1658330020305' status='passed' stop='1658330036117'>
            <name>Verify Accommodation form</name>
            <title>Verify Accommodation form</title>
            <labels>
                <label name='language' value='javascript'/>
                <label name='framework' value='wdio'/>
                <label name='thread' value='0-9'/>
            </labels>
            <parameters>
                <parameter kind='argument' name='browser' value='chrome-103.0.5060.114'/>
            </parameters>
            <steps/>
            <attachments/>
        </test-case>
        <test-case start='1658330036117' status='broken' stop='1658330122864'>
            <name>Verify edit form Accommodation witout saving </name>
            <title>Verify edit form Accommodation witout saving </title>
            <labels>
                <label name='language' value='javascript'/>
                <label name='framework' value='wdio'/>
                <label name='thread' value='0-9'/>
            </labels>
            <parameters>
                <parameter kind='argument' name='browser' value='chrome-103.0.5060.114'/>
            </parameters>
            <steps/>
            <attachments/>
            <failure>
                <message>Timeout of 60000ms exceeded. The execution in the test "Temp Accommodation(Origin) Service, test Verify edit form Accommodation witout saving " took too long. Try to reduce the run time or increase your timeout for test specs (https://webdriver.io/docs/timeouts). (D:\Ghactionstest3\testGithubActions\autoTests\test\specs\assignments\initiated_services\pre_assignment_services\tempAccommodation(Origin).spec.ts)</message>
                <stack-trace>Error: Timeout of 60000ms exceeded. The execution in the test "Temp Accommodation(Origin) Service, test Verify edit form Accommodation witout saving " took too long. Try to reduce the run time or increase your timeout for test specs (https://webdriver.io/docs/timeouts). (D:\Ghactionstest3\testGithubActions\autoTests\test\specs\assignments\initiated_services\pre_assignment_services\tempAccommodation(Origin).spec.ts)
                    at createTimeoutError (D:\Ghactionstest3\testGithubActions\autoTests\node_modules\mocha\lib\errors.js:498:15)
                    at Test.Runnable._timeoutError (D:\Ghactionstest3\testGithubActions\autoTests\node_modules\mocha\lib\runnable.js:431:10)
                    at Timeout.&lt;anonymous> (D:\Ghactionstest3\testGithubActions\autoTests\node_modules\mocha\lib\runnable.js:246:24)
                    at listOnTimeout (internal/timers.js:557:17)
                    at processTimers (internal/timers.js:500:7)</stack-trace>
            </failure>
        </test-case>
        <test-case start='1658330122864' status='broken' stop='1658330362871'>
            <name>Verify edit form Accommodation with saving </name>
            <title>Verify edit form Accommodation with saving </title>
            <labels>
                <label name='language' value='javascript'/>
                <label name='framework' value='wdio'/>
                <label name='thread' value='0-9'/>
            </labels>
            <parameters>
                <parameter kind='argument' name='browser' value='chrome-103.0.5060.114'/>
            </parameters>
            <steps/>
            <attachments/>
            <failure>
                <message>element ("//mat-calendar") still displayed after 10000ms</message>
                <stack-trace>Error: element ("//mat-calendar") still displayed after 10000ms
                    at D:\Ghactionstest3\testGithubActions\autoTests\node_modules\webdriverio\build\commands\browser\waitUntil.js:66:23
                    at runNextTicks (internal/process/task_queues.js:60:5)
                    at processTimers (internal/timers.js:497:9)
                    at async Element.wrapCommandFn (D:\Ghactionstest3\testGithubActions\autoTests\node_modules\@wdio\utils\build\shim.js:131:29)
                    at async Element.elementErrorHandlerCallbackFn (D:\Ghactionstest3\testGithubActions\autoTests\node_modules\webdriverio\build\middlewares.js:24:32)
                    at async Element.wrapCommandFn (D:\Ghactionstest3\testGithubActions\autoTests\node_modules\@wdio\utils\build\shim.js:131:29)
                    at async Element.wrapCommandFn (D:\Ghactionstest3\testGithubActions\autoTests\node_modules\@wdio\utils\build\shim.js:131:29)
                    at async Element.elementErrorHandlerCallbackFn (D:\Ghactionstest3\testGithubActions\autoTests\node_modules\webdriverio\build\middlewares.js:24:32)
                    at async Element.wrapCommandFn (D:\Ghactionstest3\testGithubActions\autoTests\node_modules\@wdio\utils\build\shim.js:131:29)</stack-trace>
            </failure>
        </test-case>
        <test-case start='1658330362876' status='broken' stop='1658330542840'>
            <name>Verify service documents</name>
            <title>Verify service documents</title>
            <labels>
                <label name='language' value='javascript'/>
                <label name='framework' value='wdio'/>
                <label name='thread' value='0-9'/>
            </labels>
            <parameters>
                <parameter kind='argument' name='browser' value='chrome-103.0.5060.114'/>
            </parameters>
            <steps/>
            <attachments/>
            <failure>
                <message>Timeout of 60000ms exceeded. The execution in the test "Temp Accommodation(Origin) Service, test Verify service documents" took too long. Try to reduce the run time or increase your timeout for test specs (https://webdriver.io/docs/timeouts). (D:\Ghactionstest3\testGithubActions\autoTests\test\specs\assignments\initiated_services\pre_assignment_services\tempAccommodation(Origin).spec.ts)</message>
                <stack-trace>Error: Timeout of 60000ms exceeded. The execution in the test "Temp Accommodation(Origin) Service, test Verify service documents" took too long. Try to reduce the run time or increase your timeout for test specs (https://webdriver.io/docs/timeouts). (D:\Ghactionstest3\testGithubActions\autoTests\test\specs\assignments\initiated_services\pre_assignment_services\tempAccommodation(Origin).spec.ts)
                    at createTimeoutError (D:\Ghactionstest3\testGithubActions\autoTests\node_modules\mocha\lib\errors.js:498:15)
                    at Test.Runnable._timeoutError (D:\Ghactionstest3\testGithubActions\autoTests\node_modules\mocha\lib\runnable.js:431:10)
                    at Timeout.&lt;anonymous> (D:\Ghactionstest3\testGithubActions\autoTests\node_modules\mocha\lib\runnable.js:246:24)
                    at listOnTimeout (internal/timers.js:557:17)
                    at processTimers (internal/timers.js:500:7)</stack-trace>
            </failure>
        </test-case>
        <test-case start='1658330542840' status='broken' stop='1658330559072'>
            <name>Verify remove service document</name>
            <title>Verify remove service document</title>
            <labels>
                <label name='language' value='javascript'/>
                <label name='framework' value='wdio'/>
                <label name='thread' value='0-9'/>
            </labels>
            <parameters>
                <parameter kind='argument' name='browser' value='chrome-103.0.5060.114'/>
            </parameters>
            <steps/>
            <attachments/>
            <failure>
                <message>waitUntil condition timed out after 15000ms</message>
                <stack-trace>Error: waitUntil condition timed out after 15000ms
                    at D:\Ghactionstest3\testGithubActions\autoTests\node_modules\webdriverio\build\commands\browser\waitUntil.js:68:19
                    at async Browser.wrapCommandFn (D:\Ghactionstest3\testGithubActions\autoTests\node_modules\@wdio\utils\build\shim.js:131:29)</stack-trace>
            </failure>
        </test-case>
        <test-case start='1658330559074' status='broken' stop='1658330574089'>
            <name>Verify service PurchaseOrder</name>
            <title>Verify service PurchaseOrder</title>
            <labels>
                <label name='language' value='javascript'/>
                <label name='framework' value='wdio'/>
                <label name='thread' value='0-9'/>
            </labels>
            <parameters>
                <parameter kind='argument' name='browser' value='chrome-103.0.5060.114'/>
            </parameters>
            <steps/>
            <attachments/>
            <failure>
                <message>waitUntil condition timed out after 15000ms</message>
                <stack-trace>Error: waitUntil condition timed out after 15000ms
                    at D:\Ghactionstest3\testGithubActions\autoTests\node_modules\webdriverio\build\commands\browser\waitUntil.js:68:19
                    at async Browser.wrapCommandFn (D:\Ghactionstest3\testGithubActions\autoTests\node_modules\@wdio\utils\build\shim.js:131:29)</stack-trace>
            </failure>
        </test-case>
        <test-case start='1658330574090' status='broken' stop='1658330589106'>
            <name>Verify service Sales Order</name>
            <title>Verify service Sales Order</title>
            <labels>
                <label name='language' value='javascript'/>
                <label name='framework' value='wdio'/>
                <label name='thread' value='0-9'/>
            </labels>
            <parameters>
                <parameter kind='argument' name='browser' value='chrome-103.0.5060.114'/>
            </parameters>
            <steps/>
            <attachments/>
            <failure>
                <message>waitUntil condition timed out after 15000ms</message>
                <stack-trace>Error: waitUntil condition timed out after 15000ms
                    at D:\Ghactionstest3\testGithubActions\autoTests\node_modules\webdriverio\build\commands\browser\waitUntil.js:68:19
                    at async Browser.wrapCommandFn (D:\Ghactionstest3\testGithubActions\autoTests\node_modules\@wdio\utils\build\shim.js:131:29)</stack-trace>
            </failure>
        </test-case>
        <test-case start='1658330589106' status='broken' stop='1658330604109'>
            <name>Verify service Recurring Purchase Orders</name>
            <title>Verify service Recurring Purchase Orders</title>
            <labels>
                <label name='language' value='javascript'/>
                <label name='framework' value='wdio'/>
                <label name='thread' value='0-9'/>
            </labels>
            <parameters>
                <parameter kind='argument' name='browser' value='chrome-103.0.5060.114'/>
            </parameters>
            <steps/>
            <attachments/>
            <failure>
                <message>waitUntil condition timed out after 15000ms</message>
                <stack-trace>Error: waitUntil condition timed out after 15000ms
                    at D:\Ghactionstest3\testGithubActions\autoTests\node_modules\webdriverio\build\commands\browser\waitUntil.js:68:19
                    at async Browser.wrapCommandFn (D:\Ghactionstest3\testGithubActions\autoTests\node_modules\@wdio\utils\build\shim.js:131:29)</stack-trace>
            </failure>
        </test-case>
        <test-case start='1658330604109' status='broken' stop='1658330619168'>
            <name>Verify Lease extensions</name>
            <title>Verify Lease extensions</title>
            <labels>
                <label name='language' value='javascript'/>
                <label name='framework' value='wdio'/>
                <label name='thread' value='0-9'/>
            </labels>
            <parameters>
                <parameter kind='argument' name='browser' value='chrome-103.0.5060.114'/>
            </parameters>
            <steps/>
            <attachments/>
            <failure>
                <message>waitUntil condition timed out after 15000ms</message>
                <stack-trace>Error: waitUntil condition timed out after 15000ms
                    at D:\Ghactionstest3\testGithubActions\autoTests\node_modules\webdriverio\build\commands\browser\waitUntil.js:68:19
                    at async Browser.wrapCommandFn (D:\Ghactionstest3\testGithubActions\autoTests\node_modules\@wdio\utils\build\shim.js:131:29)</stack-trace>
            </failure>
        </test-case>
        <test-case start='1658330619168' status='broken' stop='1658330634227'>
            <name>Verify Lease extensions remove and no require fields msg error </name>
            <title>Verify Lease extensions remove and no require fields msg error </title>
            <labels>
                <label name='language' value='javascript'/>
                <label name='framework' value='wdio'/>
                <label name='thread' value='0-9'/>
            </labels>
            <parameters>
                <parameter kind='argument' name='browser' value='chrome-103.0.5060.114'/>
            </parameters>
            <steps/>
            <attachments/>
            <failure>
                <message>waitUntil condition timed out after 15000ms</message>
                <stack-trace>Error: waitUntil condition timed out after 15000ms
                    at D:\Ghactionstest3\testGithubActions\autoTests\node_modules\webdriverio\build\commands\browser\waitUntil.js:68:19
                    at async Browser.wrapCommandFn (D:\Ghactionstest3\testGithubActions\autoTests\node_modules\@wdio\utils\build\shim.js:131:29)</stack-trace>
            </failure>
        </test-case>
    </test-cases>
</ns2:test-suite>