<?xml version='1.0'?>
<ns2:test-suite xmlns:ns2='urn:model.allure.qatools.yandex.ru' start='1656324492555' stop='1656324638257'>
    <name>SchoolSearch Finance And Delivery Partner test</name>
    <title>SchoolSearch Finance And Delivery Partner test</title>
    <test-cases>
        <test-case start='1656324492555' status='passed' stop='1656324511745'>
            <name>Go to Services / Departure services page and check label</name>
            <title>Go to Services / Departure services page and check label</title>
            <labels>
                <label name='language' value='javascript'/>
                <label name='framework' value='wdio'/>
                <label name='thread' value='0-0'/>
                <label name='language' value='javascript'/>
                <label name='framework' value='wdio'/>
                <label name='thread' value='0-0'/>
            </labels>
            <parameters>
                <parameter kind='argument' name='browser' value='chrome-102.0.5005.115'/>
                <parameter kind='argument' name='browser' value='chrome-102.0.5005.115'/>
            </parameters>
            <steps/>
            <attachments/>
        </test-case>
        <test-case start='1656324511746' status='passed' stop='1656324544346'>
            <name>Verify SchoolSearch Initiation details form</name>
            <title>Verify SchoolSearch Initiation details form</title>
            <labels>
                <label name='language' value='javascript'/>
                <label name='framework' value='wdio'/>
                <label name='thread' value='0-0'/>
            </labels>
            <parameters>
                <parameter kind='argument' name='browser' value='chrome-102.0.5005.115'/>
            </parameters>
            <steps/>
            <attachments/>
        </test-case>
        <test-case start='1656324544348' status='broken' stop='1656324560491'>
            <name>Verify SchoolSearch Partner form</name>
            <title>Verify SchoolSearch Partner form</title>
            <labels>
                <label name='language' value='javascript'/>
                <label name='framework' value='wdio'/>
                <label name='thread' value='0-0'/>
            </labels>
            <parameters>
                <parameter kind='argument' name='browser' value='chrome-102.0.5005.115'/>
            </parameters>
            <steps/>
            <attachments>
                <attachment title='Screenshot' source='ecf0fdea-5a9b-4fe6-88fb-5707abaf70c8-attachment.png' type='image/png' size='72793'/>
            </attachments>
            <failure>
                <message>waitUntil condition timed out after 15000ms</message>
                <stack-trace>Error: waitUntil condition timed out after 15000ms
                    at D:\Ghactionstest3\testGithubActions\autoTests\node_modules\webdriverio\build\commands\browser\waitUntil.js:68:19
                    at async Browser.wrapCommandFn (D:\Ghactionstest3\testGithubActions\autoTests\node_modules\@wdio\utils\build\shim.js:131:29)</stack-trace>
            </failure>
        </test-case>
        <test-case start='1656324560491' status='broken' stop='1656324576748'>
            <name>Verify set Collection address form</name>
            <title>Verify set Collection address form</title>
            <labels>
                <label name='language' value='javascript'/>
                <label name='framework' value='wdio'/>
                <label name='thread' value='0-0'/>
            </labels>
            <parameters>
                <parameter kind='argument' name='browser' value='chrome-102.0.5005.115'/>
            </parameters>
            <steps/>
            <attachments>
                <attachment title='Screenshot' source='4d23ac48-81f9-4abb-93c6-6565c396ba74-attachment.png' type='image/png' size='98749'/>
            </attachments>
            <failure>
                <message>waitUntil condition timed out after 15000ms</message>
                <stack-trace>Error: waitUntil condition timed out after 15000ms
                    at D:\Ghactionstest3\testGithubActions\autoTests\node_modules\webdriverio\build\commands\browser\waitUntil.js:68:19
                    at async Browser.wrapCommandFn (D:\Ghactionstest3\testGithubActions\autoTests\node_modules\@wdio\utils\build\shim.js:131:29)</stack-trace>
            </failure>
        </test-case>
        <test-case start='1656324576749' status='broken' stop='1656324592765'>
            <name>Verify Edit Collection address form</name>
            <title>Verify Edit Collection address form</title>
            <labels>
                <label name='language' value='javascript'/>
                <label name='framework' value='wdio'/>
                <label name='thread' value='0-0'/>
            </labels>
            <parameters>
                <parameter kind='argument' name='browser' value='chrome-102.0.5005.115'/>
            </parameters>
            <steps/>
            <attachments>
                <attachment title='Screenshot' source='bf7b93d6-1584-454d-ac41-d913adace68f-attachment.png' type='image/png' size='110859'/>
            </attachments>
            <failure>
                <message>waitUntil condition timed out after 15000ms</message>
                <stack-trace>Error: waitUntil condition timed out after 15000ms
                    at D:\Ghactionstest3\testGithubActions\autoTests\node_modules\webdriverio\build\commands\browser\waitUntil.js:68:19
                    at async Browser.wrapCommandFn (D:\Ghactionstest3\testGithubActions\autoTests\node_modules\@wdio\utils\build\shim.js:131:29)</stack-trace>
            </failure>
        </test-case>
        <test-case start='1656324592767' status='broken' stop='1656324607932'>
            <name>Verify set budget form</name>
            <title>Verify set budget form</title>
            <labels>
                <label name='language' value='javascript'/>
                <label name='framework' value='wdio'/>
                <label name='thread' value='0-0'/>
            </labels>
            <parameters>
                <parameter kind='argument' name='browser' value='chrome-102.0.5005.115'/>
            </parameters>
            <steps/>
            <attachments>
                <attachment title='Screenshot' source='50fd2f7a-3c5f-45af-ae0c-bca62ddc1302-attachment.png' type='image/png' size='110930'/>
            </attachments>
            <failure>
                <message>waitUntil condition timed out after 15000ms</message>
                <stack-trace>Error: waitUntil condition timed out after 15000ms
                    at D:\Ghactionstest3\testGithubActions\autoTests\node_modules\webdriverio\build\commands\browser\waitUntil.js:68:19
                    at async Browser.wrapCommandFn (D:\Ghactionstest3\testGithubActions\autoTests\node_modules\@wdio\utils\build\shim.js:131:29)</stack-trace>
            </failure>
        </test-case>
        <test-case start='1656324607932' status='broken' stop='1656324623073'>
            <name>Verify Initiate service partner</name>
            <title>Verify Initiate service partner</title>
            <labels>
                <label name='language' value='javascript'/>
                <label name='framework' value='wdio'/>
                <label name='thread' value='0-0'/>
            </labels>
            <parameters>
                <parameter kind='argument' name='browser' value='chrome-102.0.5005.115'/>
            </parameters>
            <steps/>
            <attachments>
                <attachment title='Screenshot' source='07f01c9c-ed1e-4efb-a049-c39a99ec24d2-attachment.png' type='image/png' size='110930'/>
            </attachments>
            <failure>
                <message>waitUntil condition timed out after 15000ms</message>
                <stack-trace>Error: waitUntil condition timed out after 15000ms
                    at D:\Ghactionstest3\testGithubActions\autoTests\node_modules\webdriverio\build\commands\browser\waitUntil.js:68:19
                    at async Browser.wrapCommandFn (D:\Ghactionstest3\testGithubActions\autoTests\node_modules\@wdio\utils\build\shim.js:131:29)</stack-trace>
            </failure>
        </test-case>
        <test-case start='1656324623073' status='broken' stop='1656324638255'>
            <name>Verify remove service partner</name>
            <title>Verify remove service partner</title>
            <labels>
                <label name='language' value='javascript'/>
                <label name='framework' value='wdio'/>
                <label name='thread' value='0-0'/>
            </labels>
            <parameters>
                <parameter kind='argument' name='browser' value='chrome-102.0.5005.115'/>
            </parameters>
            <steps/>
            <attachments>
                <attachment title='Screenshot' source='6c20e70f-a388-4848-bc24-9b23db640644-attachment.png' type='image/png' size='110930'/>
            </attachments>
            <failure>
                <message>waitUntil condition timed out after 15000ms</message>
                <stack-trace>Error: waitUntil condition timed out after 15000ms
                    at D:\Ghactionstest3\testGithubActions\autoTests\node_modules\webdriverio\build\commands\browser\waitUntil.js:68:19
                    at async Browser.wrapCommandFn (D:\Ghactionstest3\testGithubActions\autoTests\node_modules\@wdio\utils\build\shim.js:131:29)</stack-trace>
            </failure>
        </test-case>
    </test-cases>
</ns2:test-suite>