<?xml version='1.0'?>
<ns2:test-suite xmlns:ns2='urn:model.allure.qatools.yandex.ru' start='1655709137677' stop='1655709228131'>
    <name>Departure services, documents and finance test</name>
    <title>Departure services, documents and finance test</title>
    <test-cases>
        <test-case start='1655709137677' status='passed' stop='1655709154024'>
            <name>Go to Services / Departure services page and check label</name>
            <title>Go to Services / Departure services page and check label</title>
            <labels>
                <label name='language' value='javascript'/>
                <label name='framework' value='wdio'/>
                <label name='thread' value='0-0'/>
                <label name='language' value='javascript'/>
                <label name='framework' value='wdio'/>
                <label name='thread' value='0-0'/>
            </labels>
            <parameters>
                <parameter kind='argument' name='browser' value='chrome-102.0.5005.115'/>
                <parameter kind='argument' name='browser' value='chrome-102.0.5005.115'/>
            </parameters>
            <steps/>
            <attachments/>
        </test-case>
        <test-case start='1655709154025' status='passed' stop='1655709180880'>
            <name>Verify schoolSearch section</name>
            <title>Verify schoolSearch section</title>
            <labels>
                <label name='language' value='javascript'/>
                <label name='framework' value='wdio'/>
                <label name='thread' value='0-0'/>
            </labels>
            <parameters>
                <parameter kind='argument' name='browser' value='chrome-102.0.5005.115'/>
            </parameters>
            <steps/>
            <attachments/>
        </test-case>
        <test-case start='1655709180881' status='passed' stop='1655709197785'>
            <name>Verify edti schoolSearch section</name>
            <title>Verify edti schoolSearch section</title>
            <labels>
                <label name='language' value='javascript'/>
                <label name='framework' value='wdio'/>
                <label name='thread' value='0-0'/>
            </labels>
            <parameters>
                <parameter kind='argument' name='browser' value='chrome-102.0.5005.115'/>
            </parameters>
            <steps/>
            <attachments/>
        </test-case>
        <test-case start='1655709197788' status='broken' stop='1655709213003'>
            <name>Verify schoolSearch section</name>
            <title>Verify schoolSearch section</title>
            <labels>
                <label name='language' value='javascript'/>
                <label name='framework' value='wdio'/>
                <label name='thread' value='0-0'/>
            </labels>
            <parameters>
                <parameter kind='argument' name='browser' value='chrome-102.0.5005.115'/>
            </parameters>
            <steps/>
            <attachments>
                <attachment title='Screenshot' source='f9f9b4d5-5469-4df2-ac0f-eb3156669fff-attachment.png' type='image/png' size='124173'/>
            </attachments>
            <failure>
                <message>waitUntil condition timed out after 15000ms</message>
                <stack-trace>Error: waitUntil condition timed out after 15000ms
                    at D:\Ghactionstest3\testGithubActions\autoTests\node_modules\webdriverio\build\commands\browser\waitUntil.js:68:19
                    at async Browser.wrapCommandFn (D:\Ghactionstest3\testGithubActions\autoTests\node_modules\@wdio\utils\build\shim.js:131:29)</stack-trace>
            </failure>
        </test-case>
        <test-case start='1655709213003' status='broken' stop='1655709228130'>
            <name>Verify edti schoolSearch section</name>
            <title>Verify edti schoolSearch section</title>
            <labels>
                <label name='language' value='javascript'/>
                <label name='framework' value='wdio'/>
                <label name='thread' value='0-0'/>
            </labels>
            <parameters>
                <parameter kind='argument' name='browser' value='chrome-102.0.5005.115'/>
            </parameters>
            <steps/>
            <attachments>
                <attachment title='Screenshot' source='a0cbc28c-8948-492a-b0d1-a45098e8e5de-attachment.png' type='image/png' size='122797'/>
            </attachments>
            <failure>
                <message>waitUntil condition timed out after 15000ms</message>
                <stack-trace>Error: waitUntil condition timed out after 15000ms
                    at D:\Ghactionstest3\testGithubActions\autoTests\node_modules\webdriverio\build\commands\browser\waitUntil.js:68:19
                    at async Browser.wrapCommandFn (D:\Ghactionstest3\testGithubActions\autoTests\node_modules\@wdio\utils\build\shim.js:131:29)</stack-trace>
            </failure>
        </test-case>
    </test-cases>
</ns2:test-suite>