<?xml version='1.0'?>
<ns2:test-suite xmlns:ns2='urn:model.allure.qatools.yandex.ru' start='1658471587754' stop='1658471799268'>
    <name>Temp Accommodation(Origin) Service, test</name>
    <title>Temp Accommodation(Origin) Service, test</title>
    <test-cases>
        <test-case start='1658471587754' status='passed' stop='1658471596798'>
            <name>Go to Services / Temp accommodation (Origin) page and check label</name>
            <title>Go to Services / Temp accommodation (Origin) page and check label</title>
            <labels>
                <label name='language' value='javascript'/>
                <label name='framework' value='wdio'/>
                <label name='thread' value='0-9'/>
                <label name='language' value='javascript'/>
                <label name='framework' value='wdio'/>
                <label name='thread' value='0-9'/>
            </labels>
            <parameters>
                <parameter kind='argument' name='browser' value='chrome-103.0.5060.134'/>
                <parameter kind='argument' name='browser' value='chrome-103.0.5060.134'/>
            </parameters>
            <steps/>
            <attachments/>
        </test-case>
        <test-case start='1658471596799' status='passed' stop='1658471634438'>
            <name>Verify Temp accommodation (Origin) Initiation details form</name>
            <title>Verify Temp accommodation (Origin) Initiation details form</title>
            <labels>
                <label name='language' value='javascript'/>
                <label name='framework' value='wdio'/>
                <label name='thread' value='0-9'/>
            </labels>
            <parameters>
                <parameter kind='argument' name='browser' value='chrome-103.0.5060.134'/>
            </parameters>
            <steps/>
            <attachments/>
        </test-case>
        <test-case start='1658471634440' status='broken' stop='1658471640774'>
            <name>Verify Initiate service partner</name>
            <title>Verify Initiate service partner</title>
            <labels>
                <label name='language' value='javascript'/>
                <label name='framework' value='wdio'/>
                <label name='thread' value='0-9'/>
            </labels>
            <parameters>
                <parameter kind='argument' name='browser' value='chrome-103.0.5060.134'/>
            </parameters>
            <steps/>
            <attachments/>
            <failure>
                <message>Cannot read property 'length' of undefined</message>
                <stack-trace>TypeError: Cannot read property 'length' of undefined
                    at commonElements.&lt;anonymous> (D:\Ghactionstest3\testGithubActions\autoTests\test\helper\commonElements.ts:468:27)
                    at step (D:\Ghactionstest3\testGithubActions\autoTests\test\helper\commonElements.ts:33:23)
                    at Object.next (D:\Ghactionstest3\testGithubActions\autoTests\test\helper\commonElements.ts:14:53)
                    at fulfilled (D:\Ghactionstest3\testGithubActions\autoTests\test\helper\commonElements.ts:5:58)
                    at runMicrotasks (&lt;anonymous>)
                    at processTicksAndRejections (internal/process/task_queues.js:95:5)</stack-trace>
            </failure>
        </test-case>
        <test-case start='1658471640774' status='passed' stop='1658471654735'>
            <name>Verify remove service partner</name>
            <title>Verify remove service partner</title>
            <labels>
                <label name='language' value='javascript'/>
                <label name='framework' value='wdio'/>
                <label name='thread' value='0-9'/>
            </labels>
            <parameters>
                <parameter kind='argument' name='browser' value='chrome-103.0.5060.134'/>
            </parameters>
            <steps/>
            <attachments/>
        </test-case>
        <test-case start='1658471654735' status='broken' stop='1658471676046'>
            <name>Verify Accommodation form</name>
            <title>Verify Accommodation form</title>
            <labels>
                <label name='language' value='javascript'/>
                <label name='framework' value='wdio'/>
                <label name='thread' value='0-9'/>
            </labels>
            <parameters>
                <parameter kind='argument' name='browser' value='chrome-103.0.5060.134'/>
            </parameters>
            <steps/>
            <attachments/>
            <failure>
                <message>waitUntil condition timed out after 15000ms</message>
                <stack-trace>Error: waitUntil condition timed out after 15000ms
                    at D:\Ghactionstest3\testGithubActions\autoTests\node_modules\webdriverio\build\commands\browser\waitUntil.js:68:19
                    at async Browser.wrapCommandFn (D:\Ghactionstest3\testGithubActions\autoTests\node_modules\@wdio\utils\build\shim.js:131:29)</stack-trace>
            </failure>
        </test-case>
        <test-case start='1658471676047' status='failed' stop='1658471683816'>
            <name>Verify edit form Accommodation witout saving </name>
            <title>Verify edit form Accommodation witout saving </title>
            <labels>
                <label name='language' value='javascript'/>
                <label name='framework' value='wdio'/>
                <label name='thread' value='0-9'/>
            </labels>
            <parameters>
                <parameter kind='argument' name='browser' value='chrome-103.0.5060.134'/>
            </parameters>
            <steps/>
            <attachments/>
            <failure>
                <message>expect(received).toBe(expected) // Object.is equality
                
                Expected: "testStreet11"
                Received: "testStreet12"</message>
                <stack-trace>Error: expect(received).toBe(expected) // Object.is equality
                
                Expected: "testStreet11"
                Received: "testStreet12"
                    at D:\Ghactionstest3\testGithubActions\autoTests\test\specs\assignments\initiated_services\pre_assignment_services\tempAccommodation(Origin).spec.ts:139:61
                    at step (D:\Ghactionstest3\testGithubActions\autoTests\test\specs\assignments\initiated_services\pre_assignment_services\tempAccommodation(Origin).spec.ts:33:23)
                    at Object.next (D:\Ghactionstest3\testGithubActions\autoTests\test\specs\assignments\initiated_services\pre_assignment_services\tempAccommodation(Origin).spec.ts:14:53)
                    at fulfilled (D:\Ghactionstest3\testGithubActions\autoTests\test\specs\assignments\initiated_services\pre_assignment_services\tempAccommodation(Origin).spec.ts:5:58)
                    at runMicrotasks (&lt;anonymous>)
                    at processTicksAndRejections (internal/process/task_queues.js:95:5)</stack-trace>
            </failure>
        </test-case>
        <test-case start='1658471683816' status='broken' stop='1658471692312'>
            <name>Verify edit form Accommodation with saving </name>
            <title>Verify edit form Accommodation with saving </title>
            <labels>
                <label name='language' value='javascript'/>
                <label name='framework' value='wdio'/>
                <label name='thread' value='0-9'/>
            </labels>
            <parameters>
                <parameter kind='argument' name='browser' value='chrome-103.0.5060.134'/>
            </parameters>
            <steps/>
            <attachments/>
            <failure>
                <message>Cannot read property 'length' of undefined</message>
                <stack-trace>TypeError: Cannot read property 'length' of undefined
                    at commonElements.&lt;anonymous> (D:\Ghactionstest3\testGithubActions\autoTests\test\helper\commonElements.ts:468:27)
                    at step (D:\Ghactionstest3\testGithubActions\autoTests\test\helper\commonElements.ts:33:23)
                    at Object.next (D:\Ghactionstest3\testGithubActions\autoTests\test\helper\commonElements.ts:14:53)
                    at fulfilled (D:\Ghactionstest3\testGithubActions\autoTests\test\helper\commonElements.ts:5:58)
                    at runMicrotasks (&lt;anonymous>)
                    at processTicksAndRejections (internal/process/task_queues.js:95:5)</stack-trace>
            </failure>
        </test-case>
        <test-case start='1658471692312' status='broken' stop='1658471703802'>
            <name>Verify service documents</name>
            <title>Verify service documents</title>
            <labels>
                <label name='language' value='javascript'/>
                <label name='framework' value='wdio'/>
                <label name='thread' value='0-9'/>
            </labels>
            <parameters>
                <parameter kind='argument' name='browser' value='chrome-103.0.5060.134'/>
            </parameters>
            <steps/>
            <attachments/>
            <failure>
                <message>Cannot read property 'length' of undefined</message>
                <stack-trace>TypeError: Cannot read property 'length' of undefined
                    at commonElements.&lt;anonymous> (D:\Ghactionstest3\testGithubActions\autoTests\test\helper\commonElements.ts:468:27)
                    at step (D:\Ghactionstest3\testGithubActions\autoTests\test\helper\commonElements.ts:33:23)
                    at Object.next (D:\Ghactionstest3\testGithubActions\autoTests\test\helper\commonElements.ts:14:53)
                    at fulfilled (D:\Ghactionstest3\testGithubActions\autoTests\test\helper\commonElements.ts:5:58)
                    at runMicrotasks (&lt;anonymous>)
                    at processTicksAndRejections (internal/process/task_queues.js:95:5)</stack-trace>
            </failure>
        </test-case>
        <test-case start='1658471703803' status='passed' stop='1658471715328'>
            <name>Verify remove service document</name>
            <title>Verify remove service document</title>
            <labels>
                <label name='language' value='javascript'/>
                <label name='framework' value='wdio'/>
                <label name='thread' value='0-9'/>
            </labels>
            <parameters>
                <parameter kind='argument' name='browser' value='chrome-103.0.5060.134'/>
            </parameters>
            <steps/>
            <attachments/>
        </test-case>
        <test-case start='1658471715328' status='broken' stop='1658471739160'>
            <name>Verify service PurchaseOrder</name>
            <title>Verify service PurchaseOrder</title>
            <labels>
                <label name='language' value='javascript'/>
                <label name='framework' value='wdio'/>
                <label name='thread' value='0-9'/>
            </labels>
            <parameters>
                <parameter kind='argument' name='browser' value='chrome-103.0.5060.134'/>
            </parameters>
            <steps/>
            <attachments/>
            <failure>
                <message>waitUntil condition timed out after 15000ms</message>
                <stack-trace>Error: waitUntil condition timed out after 15000ms
                    at D:\Ghactionstest3\testGithubActions\autoTests\node_modules\webdriverio\build\commands\browser\waitUntil.js:68:19
                    at async Browser.wrapCommandFn (D:\Ghactionstest3\testGithubActions\autoTests\node_modules\@wdio\utils\build\shim.js:131:29)</stack-trace>
            </failure>
        </test-case>
        <test-case start='1658471739161' status='broken' stop='1658471754169'>
            <name>Verify service Sales Order</name>
            <title>Verify service Sales Order</title>
            <labels>
                <label name='language' value='javascript'/>
                <label name='framework' value='wdio'/>
                <label name='thread' value='0-9'/>
            </labels>
            <parameters>
                <parameter kind='argument' name='browser' value='chrome-103.0.5060.134'/>
            </parameters>
            <steps/>
            <attachments/>
            <failure>
                <message>waitUntil condition timed out after 15000ms</message>
                <stack-trace>Error: waitUntil condition timed out after 15000ms
                    at D:\Ghactionstest3\testGithubActions\autoTests\node_modules\webdriverio\build\commands\browser\waitUntil.js:68:19
                    at async Browser.wrapCommandFn (D:\Ghactionstest3\testGithubActions\autoTests\node_modules\@wdio\utils\build\shim.js:131:29)</stack-trace>
            </failure>
        </test-case>
        <test-case start='1658471754169' status='broken' stop='1658471769177'>
            <name>Verify service Recurring Purchase Orders</name>
            <title>Verify service Recurring Purchase Orders</title>
            <labels>
                <label name='language' value='javascript'/>
                <label name='framework' value='wdio'/>
                <label name='thread' value='0-9'/>
            </labels>
            <parameters>
                <parameter kind='argument' name='browser' value='chrome-103.0.5060.134'/>
            </parameters>
            <steps/>
            <attachments/>
            <failure>
                <message>waitUntil condition timed out after 15000ms</message>
                <stack-trace>Error: waitUntil condition timed out after 15000ms
                    at D:\Ghactionstest3\testGithubActions\autoTests\node_modules\webdriverio\build\commands\browser\waitUntil.js:68:19
                    at async Browser.wrapCommandFn (D:\Ghactionstest3\testGithubActions\autoTests\node_modules\@wdio\utils\build\shim.js:131:29)</stack-trace>
            </failure>
        </test-case>
        <test-case start='1658471769177' status='broken' stop='1658471784222'>
            <name>Verify Lease extensions</name>
            <title>Verify Lease extensions</title>
            <labels>
                <label name='language' value='javascript'/>
                <label name='framework' value='wdio'/>
                <label name='thread' value='0-9'/>
            </labels>
            <parameters>
                <parameter kind='argument' name='browser' value='chrome-103.0.5060.134'/>
            </parameters>
            <steps/>
            <attachments/>
            <failure>
                <message>waitUntil condition timed out after 15000ms</message>
                <stack-trace>Error: waitUntil condition timed out after 15000ms
                    at D:\Ghactionstest3\testGithubActions\autoTests\node_modules\webdriverio\build\commands\browser\waitUntil.js:68:19
                    at async Browser.wrapCommandFn (D:\Ghactionstest3\testGithubActions\autoTests\node_modules\@wdio\utils\build\shim.js:131:29)</stack-trace>
            </failure>
        </test-case>
        <test-case start='1658471784222' status='broken' stop='1658471799267'>
            <name>Verify Lease extensions remove and no require fields msg error </name>
            <title>Verify Lease extensions remove and no require fields msg error </title>
            <labels>
                <label name='language' value='javascript'/>
                <label name='framework' value='wdio'/>
                <label name='thread' value='0-9'/>
            </labels>
            <parameters>
                <parameter kind='argument' name='browser' value='chrome-103.0.5060.134'/>
            </parameters>
            <steps/>
            <attachments/>
            <failure>
                <message>waitUntil condition timed out after 15000ms</message>
                <stack-trace>Error: waitUntil condition timed out after 15000ms
                    at D:\Ghactionstest3\testGithubActions\autoTests\node_modules\webdriverio\build\commands\browser\waitUntil.js:68:19
                    at async Browser.wrapCommandFn (D:\Ghactionstest3\testGithubActions\autoTests\node_modules\@wdio\utils\build\shim.js:131:29)</stack-trace>
            </failure>
        </test-case>
    </test-cases>
</ns2:test-suite>