<?xml version='1.0'?>
<ns2:test-suite xmlns:ns2='urn:model.allure.qatools.yandex.ru' start='1656161905548' stop='1656162076726'>
    <name>SchoolSearch Finance And Delivery Partner test</name>
    <title>SchoolSearch Finance And Delivery Partner test</title>
    <test-cases>
        <test-case start='1656161905549' status='passed' stop='1656161922669'>
            <name>Go to Services / Departure services page and check label</name>
            <title>Go to Services / Departure services page and check label</title>
            <labels>
                <label name='language' value='javascript'/>
                <label name='framework' value='wdio'/>
                <label name='thread' value='0-0'/>
                <label name='language' value='javascript'/>
                <label name='framework' value='wdio'/>
                <label name='thread' value='0-0'/>
            </labels>
            <parameters>
                <parameter kind='argument' name='browser' value='chrome-102.0.5005.115'/>
                <parameter kind='argument' name='browser' value='chrome-102.0.5005.115'/>
            </parameters>
            <steps/>
            <attachments/>
        </test-case>
        <test-case start='1656161922670' status='passed' stop='1656161958601'>
            <name>Verify service PurchaseOrder</name>
            <title>Verify service PurchaseOrder</title>
            <labels>
                <label name='language' value='javascript'/>
                <label name='framework' value='wdio'/>
                <label name='thread' value='0-0'/>
            </labels>
            <parameters>
                <parameter kind='argument' name='browser' value='chrome-102.0.5005.115'/>
            </parameters>
            <steps/>
            <attachments/>
        </test-case>
        <test-case start='1656161958603' status='passed' stop='1656161993468'>
            <name>Verify service Sales Order</name>
            <title>Verify service Sales Order</title>
            <labels>
                <label name='language' value='javascript'/>
                <label name='framework' value='wdio'/>
                <label name='thread' value='0-0'/>
            </labels>
            <parameters>
                <parameter kind='argument' name='browser' value='chrome-102.0.5005.115'/>
            </parameters>
            <steps/>
            <attachments/>
        </test-case>
        <test-case start='1656161993470' status='passed' stop='1656162018699'>
            <name>Verify service Recurring Purchase Orders</name>
            <title>Verify service Recurring Purchase Orders</title>
            <labels>
                <label name='language' value='javascript'/>
                <label name='framework' value='wdio'/>
                <label name='thread' value='0-0'/>
            </labels>
            <parameters>
                <parameter kind='argument' name='browser' value='chrome-102.0.5005.115'/>
            </parameters>
            <steps/>
            <attachments/>
        </test-case>
        <test-case start='1656162018700' status='broken' stop='1656162046455'>
            <name>Verify SchoolSearch Initiation details form</name>
            <title>Verify SchoolSearch Initiation details form</title>
            <labels>
                <label name='language' value='javascript'/>
                <label name='framework' value='wdio'/>
                <label name='thread' value='0-0'/>
            </labels>
            <parameters>
                <parameter kind='argument' name='browser' value='chrome-102.0.5005.115'/>
            </parameters>
            <steps/>
            <attachments>
                <attachment title='Screenshot' source='49a55f7c-3a5d-4457-b6a7-fd4bcde41910-attachment.png' type='image/png' size='68289'/>
            </attachments>
            <failure>
                <message>waitUntil condition timed out after 15000ms</message>
                <stack-trace>Error: waitUntil condition timed out after 15000ms
                    at D:\Ghactionstest3\testGithubActions\autoTests\node_modules\webdriverio\build\commands\browser\waitUntil.js:68:19
                    at async Browser.wrapCommandFn (D:\Ghactionstest3\testGithubActions\autoTests\node_modules\@wdio\utils\build\shim.js:131:29)</stack-trace>
            </failure>
        </test-case>
        <test-case start='1656162046455' status='broken' stop='1656162061580'>
            <name>Verify Initiate service partner</name>
            <title>Verify Initiate service partner</title>
            <labels>
                <label name='language' value='javascript'/>
                <label name='framework' value='wdio'/>
                <label name='thread' value='0-0'/>
            </labels>
            <parameters>
                <parameter kind='argument' name='browser' value='chrome-102.0.5005.115'/>
            </parameters>
            <steps/>
            <attachments>
                <attachment title='Screenshot' source='b60d1ffd-1f68-44df-a5fa-091b0afe2c6a-attachment.png' type='image/png' size='68289'/>
            </attachments>
            <failure>
                <message>waitUntil condition timed out after 15000ms</message>
                <stack-trace>Error: waitUntil condition timed out after 15000ms
                    at D:\Ghactionstest3\testGithubActions\autoTests\node_modules\webdriverio\build\commands\browser\waitUntil.js:68:19
                    at async Browser.wrapCommandFn (D:\Ghactionstest3\testGithubActions\autoTests\node_modules\@wdio\utils\build\shim.js:131:29)</stack-trace>
            </failure>
        </test-case>
        <test-case start='1656162061580' status='broken' stop='1656162076724'>
            <name>Verify remove service partner</name>
            <title>Verify remove service partner</title>
            <labels>
                <label name='language' value='javascript'/>
                <label name='framework' value='wdio'/>
                <label name='thread' value='0-0'/>
            </labels>
            <parameters>
                <parameter kind='argument' name='browser' value='chrome-102.0.5005.115'/>
            </parameters>
            <steps/>
            <attachments>
                <attachment title='Screenshot' source='0cf5b81f-1ac9-44a9-9688-09aa861750af-attachment.png' type='image/png' size='68289'/>
            </attachments>
            <failure>
                <message>waitUntil condition timed out after 15000ms</message>
                <stack-trace>Error: waitUntil condition timed out after 15000ms
                    at D:\Ghactionstest3\testGithubActions\autoTests\node_modules\webdriverio\build\commands\browser\waitUntil.js:68:19
                    at async Browser.wrapCommandFn (D:\Ghactionstest3\testGithubActions\autoTests\node_modules\@wdio\utils\build\shim.js:131:29)</stack-trace>
            </failure>
        </test-case>
    </test-cases>
</ns2:test-suite>