<?xml version='1.0'?>
<ns2:test-suite xmlns:ns2='urn:model.allure.qatools.yandex.ru' start='1656396957946' stop='1656397060615'>
    <name>SchoolSearch Finance And Delivery Partner test</name>
    <title>SchoolSearch Finance And Delivery Partner test</title>
    <test-cases>
        <test-case start='1656396957946' status='passed' stop='1656396975141'>
            <name>Go to Services / Departure services page and check label</name>
            <title>Go to Services / Departure services page and check label</title>
            <labels>
                <label name='language' value='javascript'/>
                <label name='framework' value='wdio'/>
                <label name='thread' value='0-0'/>
                <label name='language' value='javascript'/>
                <label name='framework' value='wdio'/>
                <label name='thread' value='0-0'/>
            </labels>
            <parameters>
                <parameter kind='argument' name='browser' value='chrome-102.0.5005.115'/>
                <parameter kind='argument' name='browser' value='chrome-102.0.5005.115'/>
            </parameters>
            <steps/>
            <attachments/>
        </test-case>
        <test-case start='1656396975141' status='passed' stop='1656396984262'>
            <name>Verify SchoolSearch Initiation details form</name>
            <title>Verify SchoolSearch Initiation details form</title>
            <labels>
                <label name='language' value='javascript'/>
                <label name='framework' value='wdio'/>
                <label name='thread' value='0-0'/>
            </labels>
            <parameters>
                <parameter kind='argument' name='browser' value='chrome-102.0.5005.115'/>
            </parameters>
            <steps/>
            <attachments/>
        </test-case>
        <test-case start='1656396984262' status='broken' stop='1656397000599'>
            <name>Verify set Collection address form</name>
            <title>Verify set Collection address form</title>
            <labels>
                <label name='language' value='javascript'/>
                <label name='framework' value='wdio'/>
                <label name='thread' value='0-0'/>
            </labels>
            <parameters>
                <parameter kind='argument' name='browser' value='chrome-102.0.5005.115'/>
            </parameters>
            <steps/>
            <attachments>
                <attachment title='Screenshot' source='3a4a16cd-59dd-40d9-8a98-42dcdbd08d60-attachment.png' type='image/png' size='101053'/>
            </attachments>
            <failure>
                <message>waitUntil condition timed out after 15000ms</message>
                <stack-trace>Error: waitUntil condition timed out after 15000ms
                    at D:\Ghactionstest3\testGithubActions\autoTests\node_modules\webdriverio\build\commands\browser\waitUntil.js:68:19
                    at async Browser.wrapCommandFn (D:\Ghactionstest3\testGithubActions\autoTests\node_modules\@wdio\utils\build\shim.js:131:29)</stack-trace>
            </failure>
        </test-case>
        <test-case start='1656397000599' status='broken' stop='1656397060614'>
            <name>Verify Edit Collection address form</name>
            <title>Verify Edit Collection address form</title>
            <labels>
                <label name='language' value='javascript'/>
                <label name='framework' value='wdio'/>
                <label name='thread' value='0-0'/>
            </labels>
            <parameters>
                <parameter kind='argument' name='browser' value='chrome-102.0.5005.115'/>
            </parameters>
            <steps/>
            <attachments/>
            <failure>
                <message>Timeout of 60000ms exceeded. The execution in the test "SchoolSearch Finance And Delivery Partner test Verify Edit Collection address form" took too long. Try to reduce the run time or increase your timeout for test specs (https://webdriver.io/docs/timeouts). (D:\Ghactionstest3\testGithubActions\autoTests\test\specs\assignments\initiated_services\pre_assignment_services\schoolSearch_financeAndDeliveryPrtn.spec.ts)</message>
                <stack-trace>Error: Timeout of 60000ms exceeded. The execution in the test "SchoolSearch Finance And Delivery Partner test Verify Edit Collection address form" took too long. Try to reduce the run time or increase your timeout for test specs (https://webdriver.io/docs/timeouts). (D:\Ghactionstest3\testGithubActions\autoTests\test\specs\assignments\initiated_services\pre_assignment_services\schoolSearch_financeAndDeliveryPrtn.spec.ts)
                    at createTimeoutError (D:\Ghactionstest3\testGithubActions\autoTests\node_modules\mocha\lib\errors.js:498:15)
                    at Test.Runnable._timeoutError (D:\Ghactionstest3\testGithubActions\autoTests\node_modules\mocha\lib\runnable.js:431:10)
                    at Timeout.&lt;anonymous> (D:\Ghactionstest3\testGithubActions\autoTests\node_modules\mocha\lib\runnable.js:246:24)
                    at listOnTimeout (internal/timers.js:557:17)
                    at processTimers (internal/timers.js:500:7)</stack-trace>
            </failure>
        </test-case>
    </test-cases>
</ns2:test-suite>