<?xml version='1.0'?>
<ns2:test-suite xmlns:ns2='urn:model.allure.qatools.yandex.ru' start='1653570857165' stop='1653570912989'>
    <name>Assignments documents page test</name>
    <title>Assignments documents page test</title>
    <test-cases>
        <test-case start='1653570857165' status='passed' stop='1653570872849'>
            <name>Go to Assignee documents tab and check label</name>
            <title>Go to Assignee documents tab and check label</title>
            <labels>
                <label name='language' value='javascript'/>
                <label name='framework' value='wdio'/>
                <label name='thread' value='0-0'/>
                <label name='language' value='javascript'/>
                <label name='framework' value='wdio'/>
                <label name='thread' value='0-0'/>
            </labels>
            <parameters>
                <parameter kind='argument' name='browser' value='chrome-101.0.4951.67'/>
                <parameter kind='argument' name='browser' value='chrome-101.0.4951.67'/>
            </parameters>
            <steps/>
            <attachments/>
        </test-case>
        <test-case start='1653570872850' status='broken' stop='1653570872941'>
            <name>Verify add document form</name>
            <title>Verify add document form</title>
            <labels>
                <label name='language' value='javascript'/>
                <label name='framework' value='wdio'/>
                <label name='thread' value='0-0'/>
            </labels>
            <parameters>
                <parameter kind='argument' name='browser' value='chrome-101.0.4951.67'/>
            </parameters>
            <steps/>
            <attachments/>
            <failure>
                <message>ENOENT: no such file or directory, open 'D:\Ghactionstest2\testGithubActions\autoTests\testFiles\QAtest.docx'</message>
                <stack-trace>Error: ENOENT: no such file or directory, open 'D:\Ghactionstest2\testGithubActions\autoTests\testFiles\QAtest.docx'</stack-trace>
            </failure>
        </test-case>
        <test-case start='1653570872943' status='broken' stop='1653570887961'>
            <name>Verify edit documents form</name>
            <title>Verify edit documents form</title>
            <labels>
                <label name='language' value='javascript'/>
                <label name='framework' value='wdio'/>
                <label name='thread' value='0-0'/>
            </labels>
            <parameters>
                <parameter kind='argument' name='browser' value='chrome-101.0.4951.67'/>
            </parameters>
            <steps/>
            <attachments/>
            <failure>
                <message>waitUntil condition timed out after 15000ms</message>
                <stack-trace>Error: waitUntil condition timed out after 15000ms
                    at D:\Ghactionstest2\testGithubActions\autoTests\node_modules\webdriverio\build\commands\browser\waitUntil.js:68:19
                    at async Browser.wrapCommandFn (D:\Ghactionstest2\testGithubActions\autoTests\node_modules\@wdio\utils\build\shim.js:131:29)</stack-trace>
            </failure>
        </test-case>
        <test-case start='1653570887962' status='broken' stop='1653570897985'>
            <name>Verify remove documents</name>
            <title>Verify remove documents</title>
            <labels>
                <label name='language' value='javascript'/>
                <label name='framework' value='wdio'/>
                <label name='thread' value='0-0'/>
            </labels>
            <parameters>
                <parameter kind='argument' name='browser' value='chrome-101.0.4951.67'/>
            </parameters>
            <steps/>
            <attachments/>
            <failure>
                <message>element ("//document-link") still not displayed after 10000ms</message>
                <stack-trace>Error: element ("//document-link") still not displayed after 10000ms
                    at D:\Ghactionstest2\testGithubActions\autoTests\node_modules\webdriverio\build\commands\browser\waitUntil.js:66:23
                    at async Element.wrapCommandFn (D:\Ghactionstest2\testGithubActions\autoTests\node_modules\@wdio\utils\build\shim.js:131:29)
                    at async Element.elementErrorHandlerCallbackFn (D:\Ghactionstest2\testGithubActions\autoTests\node_modules\webdriverio\build\middlewares.js:24:32)
                    at async Element.wrapCommandFn (D:\Ghactionstest2\testGithubActions\autoTests\node_modules\@wdio\utils\build\shim.js:131:29)
                    at async Element.wrapCommandFn (D:\Ghactionstest2\testGithubActions\autoTests\node_modules\@wdio\utils\build\shim.js:131:29)
                    at async Element.elementErrorHandlerCallbackFn (D:\Ghactionstest2\testGithubActions\autoTests\node_modules\webdriverio\build\middlewares.js:24:32)
                    at async Element.wrapCommandFn (D:\Ghactionstest2\testGithubActions\autoTests\node_modules\@wdio\utils\build\shim.js:131:29)</stack-trace>
            </failure>
        </test-case>
        <test-case start='1653570897985' status='broken' stop='1653570912988'>
            <name>Verify unsupported file error</name>
            <title>Verify unsupported file error</title>
            <labels>
                <label name='language' value='javascript'/>
                <label name='framework' value='wdio'/>
                <label name='thread' value='0-0'/>
            </labels>
            <parameters>
                <parameter kind='argument' name='browser' value='chrome-101.0.4951.67'/>
            </parameters>
            <steps/>
            <attachments/>
            <failure>
                <message>waitUntil condition timed out after 15000ms</message>
                <stack-trace>Error: waitUntil condition timed out after 15000ms
                    at D:\Ghactionstest2\testGithubActions\autoTests\node_modules\webdriverio\build\commands\browser\waitUntil.js:68:19
                    at async Browser.wrapCommandFn (D:\Ghactionstest2\testGithubActions\autoTests\node_modules\@wdio\utils\build\shim.js:131:29)</stack-trace>
            </failure>
        </test-case>
    </test-cases>
</ns2:test-suite>