<?xml version='1.0'?>
<ns2:test-suite xmlns:ns2='urn:model.allure.qatools.yandex.ru' start='1656163293085' stop='1656163361636'>
    <name>SchoolSearch Finance And Delivery Partner test</name>
    <title>SchoolSearch Finance And Delivery Partner test</title>
    <test-cases>
        <test-case start='1656163293086' status='passed' stop='1656163310475'>
            <name>Go to Services / Departure services page and check label</name>
            <title>Go to Services / Departure services page and check label</title>
            <labels>
                <label name='language' value='javascript'/>
                <label name='framework' value='wdio'/>
                <label name='thread' value='0-0'/>
                <label name='language' value='javascript'/>
                <label name='framework' value='wdio'/>
                <label name='thread' value='0-0'/>
            </labels>
            <parameters>
                <parameter kind='argument' name='browser' value='chrome-102.0.5005.115'/>
                <parameter kind='argument' name='browser' value='chrome-102.0.5005.115'/>
            </parameters>
            <steps/>
            <attachments/>
        </test-case>
        <test-case start='1656163310476' status='broken' stop='1656163332841'>
            <name>Verify SchoolSearch Initiation details form</name>
            <title>Verify SchoolSearch Initiation details form</title>
            <labels>
                <label name='language' value='javascript'/>
                <label name='framework' value='wdio'/>
                <label name='thread' value='0-0'/>
            </labels>
            <parameters>
                <parameter kind='argument' name='browser' value='chrome-102.0.5005.115'/>
            </parameters>
            <steps/>
            <attachments>
                <attachment title='Screenshot' source='231e1bc7-b108-434f-a9c6-bff03741684a-attachment.png' type='image/png' size='80955'/>
            </attachments>
            <failure>
                <message>Option with text "Test Assignee (assignee)" not found.</message>
                <stack-trace>Error: Option with text "Test Assignee (assignee)" not found.
                    at Element.selectByVisibleText (D:\Ghactionstest3\testGithubActions\autoTests\node_modules\webdriverio\build\commands\element\selectByVisibleText.js:59:15)
                    at processTicksAndRejections (internal/process/task_queues.js:95:5)
                    at async Element.wrapCommandFn (D:\Ghactionstest3\testGithubActions\autoTests\node_modules\@wdio\utils\build\shim.js:131:29)
                    at async Element.elementErrorHandlerCallbackFn (D:\Ghactionstest3\testGithubActions\autoTests\node_modules\webdriverio\build\middlewares.js:24:32)
                    at async Element.wrapCommandFn (D:\Ghactionstest3\testGithubActions\autoTests\node_modules\@wdio\utils\build\shim.js:131:29)</stack-trace>
            </failure>
        </test-case>
        <test-case start='1656163332843' status='broken' stop='1656163347980'>
            <name>Verify Initiate service partner</name>
            <title>Verify Initiate service partner</title>
            <labels>
                <label name='language' value='javascript'/>
                <label name='framework' value='wdio'/>
                <label name='thread' value='0-0'/>
            </labels>
            <parameters>
                <parameter kind='argument' name='browser' value='chrome-102.0.5005.115'/>
            </parameters>
            <steps/>
            <attachments>
                <attachment title='Screenshot' source='0854120c-cbdd-4421-84eb-23a635d90b05-attachment.png' type='image/png' size='55628'/>
            </attachments>
            <failure>
                <message>waitUntil condition timed out after 15000ms</message>
                <stack-trace>Error: waitUntil condition timed out after 15000ms
                    at D:\Ghactionstest3\testGithubActions\autoTests\node_modules\webdriverio\build\commands\browser\waitUntil.js:68:19
                    at async Browser.wrapCommandFn (D:\Ghactionstest3\testGithubActions\autoTests\node_modules\@wdio\utils\build\shim.js:131:29)</stack-trace>
            </failure>
        </test-case>
        <test-case start='1656163347980' status='passed' stop='1656163361636'>
            <name>Verify remove service partner</name>
            <title>Verify remove service partner</title>
            <labels>
                <label name='language' value='javascript'/>
                <label name='framework' value='wdio'/>
                <label name='thread' value='0-0'/>
            </labels>
            <parameters>
                <parameter kind='argument' name='browser' value='chrome-102.0.5005.115'/>
            </parameters>
            <steps/>
            <attachments/>
        </test-case>
    </test-cases>
</ns2:test-suite>