<?xml version='1.0'?>
<ns2:test-suite xmlns:ns2='urn:model.allure.qatools.yandex.ru' start='1658470686208' stop='1658470817958'>
    <name>Home search Service, documents and finance test</name>
    <title>Home search Service, documents and finance test</title>
    <test-cases>
        <test-case start='1658470686208' status='passed' stop='1658470698964'>
            <name>Go to Services / Home search page and check label</name>
            <title>Go to Services / Home search page and check label</title>
            <labels>
                <label name='language' value='javascript'/>
                <label name='framework' value='wdio'/>
                <label name='thread' value='0-0'/>
                <label name='language' value='javascript'/>
                <label name='framework' value='wdio'/>
                <label name='thread' value='0-0'/>
            </labels>
            <parameters>
                <parameter kind='argument' name='browser' value='chrome-103.0.5060.134'/>
                <parameter kind='argument' name='browser' value='chrome-103.0.5060.134'/>
            </parameters>
            <steps/>
            <attachments/>
        </test-case>
        <test-case start='1658470698964' status='passed' stop='1658470728787'>
            <name>Verify Home search Initiation details form</name>
            <title>Verify Home search Initiation details form</title>
            <labels>
                <label name='language' value='javascript'/>
                <label name='framework' value='wdio'/>
                <label name='thread' value='0-0'/>
            </labels>
            <parameters>
                <parameter kind='argument' name='browser' value='chrome-103.0.5060.134'/>
            </parameters>
            <steps/>
            <attachments/>
        </test-case>
        <test-case start='1658470728789' status='passed' stop='1658470743811'>
            <name>Verify edit Home search Initiation details form</name>
            <title>Verify edit Home search Initiation details form</title>
            <labels>
                <label name='language' value='javascript'/>
                <label name='framework' value='wdio'/>
                <label name='thread' value='0-0'/>
            </labels>
            <parameters>
                <parameter kind='argument' name='browser' value='chrome-103.0.5060.134'/>
            </parameters>
            <steps/>
            <attachments/>
        </test-case>
        <test-case start='1658470743813' status='broken' stop='1658470750667'>
            <name>Verify Initiate service partner</name>
            <title>Verify Initiate service partner</title>
            <labels>
                <label name='language' value='javascript'/>
                <label name='framework' value='wdio'/>
                <label name='thread' value='0-0'/>
            </labels>
            <parameters>
                <parameter kind='argument' name='browser' value='chrome-103.0.5060.134'/>
            </parameters>
            <steps/>
            <attachments/>
            <failure>
                <message>Cannot read property 'length' of undefined</message>
                <stack-trace>TypeError: Cannot read property 'length' of undefined
                    at commonElements.&lt;anonymous> (D:\Ghactionstest3\testGithubActions\autoTests\test\helper\commonElements.ts:468:27)
                    at step (D:\Ghactionstest3\testGithubActions\autoTests\test\helper\commonElements.ts:33:23)
                    at Object.next (D:\Ghactionstest3\testGithubActions\autoTests\test\helper\commonElements.ts:14:53)
                    at fulfilled (D:\Ghactionstest3\testGithubActions\autoTests\test\helper\commonElements.ts:5:58)
                    at processTicksAndRejections (internal/process/task_queues.js:95:5)</stack-trace>
            </failure>
        </test-case>
        <test-case start='1658470750668' status='passed' stop='1658470764581'>
            <name>Verify remove service partner</name>
            <title>Verify remove service partner</title>
            <labels>
                <label name='language' value='javascript'/>
                <label name='framework' value='wdio'/>
                <label name='thread' value='0-0'/>
            </labels>
            <parameters>
                <parameter kind='argument' name='browser' value='chrome-103.0.5060.134'/>
            </parameters>
            <steps/>
            <attachments/>
        </test-case>
        <test-case start='1658470764581' status='broken' stop='1658470787933'>
            <name>Verify service PurchaseOrder</name>
            <title>Verify service PurchaseOrder</title>
            <labels>
                <label name='language' value='javascript'/>
                <label name='framework' value='wdio'/>
                <label name='thread' value='0-0'/>
            </labels>
            <parameters>
                <parameter kind='argument' name='browser' value='chrome-103.0.5060.134'/>
            </parameters>
            <steps/>
            <attachments/>
            <failure>
                <message>waitUntil condition timed out after 15000ms</message>
                <stack-trace>Error: waitUntil condition timed out after 15000ms
                    at D:\Ghactionstest3\testGithubActions\autoTests\node_modules\webdriverio\build\commands\browser\waitUntil.js:68:19
                    at async Browser.wrapCommandFn (D:\Ghactionstest3\testGithubActions\autoTests\node_modules\@wdio\utils\build\shim.js:131:29)</stack-trace>
            </failure>
        </test-case>
        <test-case start='1658470787934' status='broken' stop='1658470802947'>
            <name>Verify service Sales Order</name>
            <title>Verify service Sales Order</title>
            <labels>
                <label name='language' value='javascript'/>
                <label name='framework' value='wdio'/>
                <label name='thread' value='0-0'/>
            </labels>
            <parameters>
                <parameter kind='argument' name='browser' value='chrome-103.0.5060.134'/>
            </parameters>
            <steps/>
            <attachments/>
            <failure>
                <message>waitUntil condition timed out after 15000ms</message>
                <stack-trace>Error: waitUntil condition timed out after 15000ms
                    at D:\Ghactionstest3\testGithubActions\autoTests\node_modules\webdriverio\build\commands\browser\waitUntil.js:68:19
                    at async Browser.wrapCommandFn (D:\Ghactionstest3\testGithubActions\autoTests\node_modules\@wdio\utils\build\shim.js:131:29)</stack-trace>
            </failure>
        </test-case>
        <test-case start='1658470802947' status='broken' stop='1658470817958'>
            <name>Verify service Recurring Purchase Orders</name>
            <title>Verify service Recurring Purchase Orders</title>
            <labels>
                <label name='language' value='javascript'/>
                <label name='framework' value='wdio'/>
                <label name='thread' value='0-0'/>
            </labels>
            <parameters>
                <parameter kind='argument' name='browser' value='chrome-103.0.5060.134'/>
            </parameters>
            <steps/>
            <attachments/>
            <failure>
                <message>waitUntil condition timed out after 15000ms</message>
                <stack-trace>Error: waitUntil condition timed out after 15000ms
                    at D:\Ghactionstest3\testGithubActions\autoTests\node_modules\webdriverio\build\commands\browser\waitUntil.js:68:19
                    at async Browser.wrapCommandFn (D:\Ghactionstest3\testGithubActions\autoTests\node_modules\@wdio\utils\build\shim.js:131:29)</stack-trace>
            </failure>
        </test-case>
    </test-cases>
</ns2:test-suite>