<?xml version='1.0'?>
<ns2:test-suite xmlns:ns2='urn:model.allure.qatools.yandex.ru' start='1654260839974' stop='1654260884749'>
    <name>Need analysis Assignment details tab test</name>
    <title>Need analysis Assignment details tab test</title>
    <test-cases>
        <test-case start='1654260839974' status='passed' stop='1654260853723'>
            <name>Go to need analysis tab and check label</name>
            <title>Go to need analysis tab and check label</title>
            <labels>
                <label name='language' value='javascript'/>
                <label name='framework' value='wdio'/>
                <label name='thread' value='0-16'/>
                <label name='language' value='javascript'/>
                <label name='framework' value='wdio'/>
                <label name='thread' value='0-16'/>
            </labels>
            <parameters>
                <parameter kind='argument' name='browser' value='chrome-102.0.5005.63'/>
                <parameter kind='argument' name='browser' value='chrome-102.0.5005.63'/>
            </parameters>
            <steps/>
            <attachments/>
        </test-case>
        <test-case start='1654260853723' status='broken' stop='1654260873222'>
            <name>Verify  Assignment details section</name>
            <title>Verify  Assignment details section</title>
            <labels>
                <label name='language' value='javascript'/>
                <label name='framework' value='wdio'/>
                <label name='thread' value='0-16'/>
            </labels>
            <parameters>
                <parameter kind='argument' name='browser' value='chrome-102.0.5005.63'/>
            </parameters>
            <steps/>
            <attachments/>
            <failure>
                <message>waitUntil condition timed out after 15000ms</message>
                <stack-trace>Error: waitUntil condition timed out after 15000ms
                    at D:\Ghactionstest3\testGithubActions\autoTests\node_modules\webdriverio\build\commands\browser\waitUntil.js:68:19
                    at async Browser.wrapCommandFn (D:\Ghactionstest3\testGithubActions\autoTests\node_modules\@wdio\utils\build\shim.js:131:29)</stack-trace>
            </failure>
        </test-case>
        <test-case start='1654260873223' status='failed' stop='1654260884748'>
            <name>Verify edit child section</name>
            <title>Verify edit child section</title>
            <labels>
                <label name='language' value='javascript'/>
                <label name='framework' value='wdio'/>
                <label name='thread' value='0-16'/>
            </labels>
            <parameters>
                <parameter kind='argument' name='browser' value='chrome-102.0.5005.63'/>
            </parameters>
            <steps/>
            <attachments/>
            <failure>
                <message>expect(received).toBe(expected) // Object.is equality
                
                Expected: "3.6.2022"
                Received: "13.10.2021"</message>
                <stack-trace>Error: expect(received).toBe(expected) // Object.is equality
                
                Expected: "3.6.2022"
                Received: "13.10.2021"
                    at D:\Ghactionstest3\testGithubActions\autoTests\test\specs\assignments\need_analysis\6_assignmentDetails.spec.ts:62:142
                    at step (D:\Ghactionstest3\testGithubActions\autoTests\test\specs\assignments\need_analysis\6_assignmentDetails.spec.ts:33:23)
                    at Object.next (D:\Ghactionstest3\testGithubActions\autoTests\test\specs\assignments\need_analysis\6_assignmentDetails.spec.ts:14:53)
                    at fulfilled (D:\Ghactionstest3\testGithubActions\autoTests\test\specs\assignments\need_analysis\6_assignmentDetails.spec.ts:5:58)
                    at runMicrotasks (&lt;anonymous>)
                    at processTicksAndRejections (internal/process/task_queues.js:95:5)</stack-trace>
            </failure>
        </test-case>
    </test-cases>
</ns2:test-suite>