<?xml version='1.0'?>
<ns2:test-suite xmlns:ns2='urn:model.allure.qatools.yandex.ru' start='1655808823234' stop='1655808919084'>
    <name>Options_Tasks tab test</name>
    <title>Options_Tasks tab test</title>
    <test-cases>
        <test-case start='1655808823234' status='passed' stop='1655808838910'>
            <name>Open Options_Tasks tab and check label</name>
            <title>Open Options_Tasks tab and check label</title>
            <labels>
                <label name='language' value='javascript'/>
                <label name='framework' value='wdio'/>
                <label name='thread' value='0-0'/>
                <label name='language' value='javascript'/>
                <label name='framework' value='wdio'/>
                <label name='thread' value='0-0'/>
            </labels>
            <parameters>
                <parameter kind='argument' name='browser' value='chrome-102.0.5005.115'/>
                <parameter kind='argument' name='browser' value='chrome-102.0.5005.115'/>
            </parameters>
            <steps/>
            <attachments/>
        </test-case>
        <test-case start='1655808838911' status='broken' stop='1655808859068'>
            <name>Verify Add New task and reassigned form</name>
            <title>Verify Add New task and reassigned form</title>
            <labels>
                <label name='language' value='javascript'/>
                <label name='framework' value='wdio'/>
                <label name='thread' value='0-0'/>
            </labels>
            <parameters>
                <parameter kind='argument' name='browser' value='chrome-102.0.5005.115'/>
            </parameters>
            <steps/>
            <attachments>
                <attachment title='Screenshot' source='00452c8c-1975-4b68-9983-8768aa04786e-attachment.png' type='image/png' size='70973'/>
            </attachments>
            <failure>
                <message>waitUntil condition timed out after 15000ms</message>
                <stack-trace>Error: waitUntil condition timed out after 15000ms
                    at D:\Ghactionstest3\testGithubActions\autoTests\node_modules\webdriverio\build\commands\browser\waitUntil.js:68:19
                    at async Browser.wrapCommandFn (D:\Ghactionstest3\testGithubActions\autoTests\node_modules\@wdio\utils\build\shim.js:131:29)</stack-trace>
            </failure>
        </test-case>
        <test-case start='1655808859070' status='broken' stop='1655808919083'>
            <name>Verify remove task</name>
            <title>Verify remove task</title>
            <labels>
                <label name='language' value='javascript'/>
                <label name='framework' value='wdio'/>
                <label name='thread' value='0-0'/>
            </labels>
            <parameters>
                <parameter kind='argument' name='browser' value='chrome-102.0.5005.115'/>
            </parameters>
            <steps/>
            <attachments/>
            <failure>
                <message>Timeout of 60000ms exceeded. The execution in the test "Options_Tasks tab test Verify remove task" took too long. Try to reduce the run time or increase your timeout for test specs (https://webdriver.io/docs/timeouts). (D:\Ghactionstest3\testGithubActions\autoTests\test\specs\assignments\options\5.Options_Tasks.spec.ts)</message>
                <stack-trace>Error: Timeout of 60000ms exceeded. The execution in the test "Options_Tasks tab test Verify remove task" took too long. Try to reduce the run time or increase your timeout for test specs (https://webdriver.io/docs/timeouts). (D:\Ghactionstest3\testGithubActions\autoTests\test\specs\assignments\options\5.Options_Tasks.spec.ts)
                    at createTimeoutError (D:\Ghactionstest3\testGithubActions\autoTests\node_modules\mocha\lib\errors.js:498:15)
                    at Test.Runnable._timeoutError (D:\Ghactionstest3\testGithubActions\autoTests\node_modules\mocha\lib\runnable.js:431:10)
                    at Timeout.&lt;anonymous> (D:\Ghactionstest3\testGithubActions\autoTests\node_modules\mocha\lib\runnable.js:246:24)
                    at listOnTimeout (internal/timers.js:557:17)
                    at processTimers (internal/timers.js:500:7)</stack-trace>
            </failure>
        </test-case>
    </test-cases>
</ns2:test-suite>