<?xml version='1.0'?>
<ns2:test-suite xmlns:ns2='urn:model.allure.qatools.yandex.ru' start='1658325517126' stop='1658325753698'>
    <name>Home search NA test</name>
    <title>Home search NA test</title>
    <test-cases>
        <test-case start='1658325517127' status='passed' stop='1658325528702'>
            <name>Go to Services / Home search page and check label</name>
            <title>Go to Services / Home search page and check label</title>
            <labels>
                <label name='language' value='javascript'/>
                <label name='framework' value='wdio'/>
                <label name='thread' value='0-4'/>
                <label name='language' value='javascript'/>
                <label name='framework' value='wdio'/>
                <label name='thread' value='0-4'/>
            </labels>
            <parameters>
                <parameter kind='argument' name='browser' value='chrome-103.0.5060.114'/>
                <parameter kind='argument' name='browser' value='chrome-103.0.5060.114'/>
            </parameters>
            <steps/>
            <attachments/>
        </test-case>
        <test-case start='1658325528702' status='passed' stop='1658325539017'>
            <name>Verify HomeSearch(Planning) section </name>
            <title>Verify HomeSearch(Planning) section </title>
            <labels>
                <label name='language' value='javascript'/>
                <label name='framework' value='wdio'/>
                <label name='thread' value='0-4'/>
            </labels>
            <parameters>
                <parameter kind='argument' name='browser' value='chrome-103.0.5060.114'/>
            </parameters>
            <steps/>
            <attachments/>
        </test-case>
        <test-case start='1658325539017' status='broken' stop='1658325682844'>
            <name>Verify edit HomeSearch(Planning) section</name>
            <title>Verify edit HomeSearch(Planning) section</title>
            <labels>
                <label name='language' value='javascript'/>
                <label name='framework' value='wdio'/>
                <label name='thread' value='0-4'/>
            </labels>
            <parameters>
                <parameter kind='argument' name='browser' value='chrome-103.0.5060.114'/>
            </parameters>
            <steps/>
            <attachments/>
            <failure>
                <message>Timeout of 60000ms exceeded. The execution in the test "Home search NA test Verify edit HomeSearch(Planning) section" took too long. Try to reduce the run time or increase your timeout for test specs (https://webdriver.io/docs/timeouts). (D:\Ghactionstest3\testGithubActions\autoTests\test\specs\assignments\initiated_services\pre_assignment_services\homeSearchNA_Planning.spec.ts)</message>
                <stack-trace>Error: Timeout of 60000ms exceeded. The execution in the test "Home search NA test Verify edit HomeSearch(Planning) section" took too long. Try to reduce the run time or increase your timeout for test specs (https://webdriver.io/docs/timeouts). (D:\Ghactionstest3\testGithubActions\autoTests\test\specs\assignments\initiated_services\pre_assignment_services\homeSearchNA_Planning.spec.ts)
                    at createTimeoutError (D:\Ghactionstest3\testGithubActions\autoTests\node_modules\mocha\lib\errors.js:498:15)
                    at Test.Runnable._timeoutError (D:\Ghactionstest3\testGithubActions\autoTests\node_modules\mocha\lib\runnable.js:431:10)
                    at Timeout.&lt;anonymous> (D:\Ghactionstest3\testGithubActions\autoTests\node_modules\mocha\lib\runnable.js:246:24)
                    at listOnTimeout (internal/timers.js:557:17)
                    at processTimers (internal/timers.js:500:7)</stack-trace>
            </failure>
        </test-case>
        <test-case start='1658325682846' status='broken' stop='1658325708514'>
            <name>Verify Partner HomeSearch(Planning) section </name>
            <title>Verify Partner HomeSearch(Planning) section </title>
            <labels>
                <label name='language' value='javascript'/>
                <label name='framework' value='wdio'/>
                <label name='thread' value='0-4'/>
            </labels>
            <parameters>
                <parameter kind='argument' name='browser' value='chrome-103.0.5060.114'/>
            </parameters>
            <steps/>
            <attachments/>
            <failure>
                <message>waitUntil condition timed out after 15000ms</message>
                <stack-trace>Error: waitUntil condition timed out after 15000ms
                    at D:\Ghactionstest3\testGithubActions\autoTests\node_modules\webdriverio\build\commands\browser\waitUntil.js:68:19
                    at async Browser.wrapCommandFn (D:\Ghactionstest3\testGithubActions\autoTests\node_modules\@wdio\utils\build\shim.js:131:29)</stack-trace>
            </failure>
        </test-case>
        <test-case start='1658325708516' status='broken' stop='1658325723649'>
            <name>Verify Edit Partner HomeSearch(Planning) section </name>
            <title>Verify Edit Partner HomeSearch(Planning) section </title>
            <labels>
                <label name='language' value='javascript'/>
                <label name='framework' value='wdio'/>
                <label name='thread' value='0-4'/>
            </labels>
            <parameters>
                <parameter kind='argument' name='browser' value='chrome-103.0.5060.114'/>
            </parameters>
            <steps/>
            <attachments/>
            <failure>
                <message>waitUntil condition timed out after 15000ms</message>
                <stack-trace>Error: waitUntil condition timed out after 15000ms
                    at D:\Ghactionstest3\testGithubActions\autoTests\node_modules\webdriverio\build\commands\browser\waitUntil.js:68:19
                    at async Browser.wrapCommandFn (D:\Ghactionstest3\testGithubActions\autoTests\node_modules\@wdio\utils\build\shim.js:131:29)</stack-trace>
            </failure>
        </test-case>
        <test-case start='1658325723649' status='broken' stop='1658325738659'>
            <name>Verify Initiate service partner</name>
            <title>Verify Initiate service partner</title>
            <labels>
                <label name='language' value='javascript'/>
                <label name='framework' value='wdio'/>
                <label name='thread' value='0-4'/>
            </labels>
            <parameters>
                <parameter kind='argument' name='browser' value='chrome-103.0.5060.114'/>
            </parameters>
            <steps/>
            <attachments/>
            <failure>
                <message>waitUntil condition timed out after 15000ms</message>
                <stack-trace>Error: waitUntil condition timed out after 15000ms
                    at D:\Ghactionstest3\testGithubActions\autoTests\node_modules\webdriverio\build\commands\browser\waitUntil.js:68:19
                    at async Browser.wrapCommandFn (D:\Ghactionstest3\testGithubActions\autoTests\node_modules\@wdio\utils\build\shim.js:131:29)</stack-trace>
            </failure>
        </test-case>
        <test-case start='1658325738659' status='broken' stop='1658325753698'>
            <name>Verify remove service partner</name>
            <title>Verify remove service partner</title>
            <labels>
                <label name='language' value='javascript'/>
                <label name='framework' value='wdio'/>
                <label name='thread' value='0-4'/>
            </labels>
            <parameters>
                <parameter kind='argument' name='browser' value='chrome-103.0.5060.114'/>
            </parameters>
            <steps/>
            <attachments/>
            <failure>
                <message>waitUntil condition timed out after 15000ms</message>
                <stack-trace>Error: waitUntil condition timed out after 15000ms
                    at D:\Ghactionstest3\testGithubActions\autoTests\node_modules\webdriverio\build\commands\browser\waitUntil.js:68:19
                    at async Browser.wrapCommandFn (D:\Ghactionstest3\testGithubActions\autoTests\node_modules\@wdio\utils\build\shim.js:131:29)</stack-trace>
            </failure>
        </test-case>
    </test-cases>
</ns2:test-suite>